Apr 20, 2025 4:42:51 PM com.lopez.App main
INFO: File handler and console handler set up successfully
Apr 20, 2025 4:42:54 PM com.lopez.App main
INFO: User selected option: A
Apr 20, 2025 4:43:03 PM com.lopez.App main
INFO: Adding new chore: Work on getting kubernetes to cluster
Apr 20, 2025 4:43:03 PM com.lopez.App main
FINE: Chore added successfully
Apr 20, 2025 4:43:03 PM com.lopez.App main
INFO: Closing input scanner
Apr 20, 2025 4:43:03 PM com.lopez.App main
INFO: File handler and console handler set up successfully
Apr 20, 2025 4:43:06 PM com.lopez.App main
INFO: User selected option: A
Apr 20, 2025 4:43:14 PM com.lopez.App main
INFO: Adding new chore: add logging and profiling features
Apr 20, 2025 4:43:14 PM com.lopez.App main
FINE: Chore added successfully
Apr 20, 2025 4:43:14 PM com.lopez.App main
INFO: Closing input scanner
Apr 20, 2025 4:43:14 PM com.lopez.App main
INFO: File handler and console handler set up successfully
Apr 20, 2025 4:43:16 PM com.lopez.App main
INFO: User selected option: A
Apr 20, 2025 4:43:24 PM com.lopez.App main
INFO: Adding new chore: fix docker connection
Apr 20, 2025 4:43:24 PM com.lopez.App main
FINE: Chore added successfully
Apr 20, 2025 4:43:24 PM com.lopez.App main
INFO: Closing input scanner
Apr 20, 2025 4:43:24 PM com.lopez.App main
INFO: File handler and console handler set up successfully
Apr 20, 2025 4:43:27 PM com.lopez.App main
INFO: User selected option: D
Apr 20, 2025 4:43:27 PM com.lopez.App main
INFO: Displaying ToDo list
Apr 20, 2025 4:43:27 PM com.lopez.App main
INFO: Closing input scanner
Apr 20, 2025 4:43:27 PM com.lopez.App main
INFO: File handler and console handler set up successfully
Apr 20, 2025 4:43:30 PM com.lopez.App main
INFO: User selected option: A
Apr 20, 2025 4:43:51 PM com.lopez.App main
INFO: Adding new chore: Work on Jenkins pipeline 
Apr 20, 2025 4:43:51 PM com.lopez.App main
FINE: Chore added successfully
Apr 20, 2025 4:43:51 PM com.lopez.App main
INFO: Closing input scanner
Apr 20, 2025 4:43:51 PM com.lopez.App main
INFO: File handler and console handler set up successfully
Apr 20, 2025 4:43:52 PM com.lopez.App main
INFO: User selected option: A
Apr 20, 2025 4:44:03 PM com.lopez.App main
INFO: Adding new chore: figure out why jenkins did not build docker image
Apr 20, 2025 4:44:03 PM com.lopez.App main
FINE: Chore added successfully
Apr 20, 2025 4:44:03 PM com.lopez.App main
INFO: Closing input scanner
Apr 20, 2025 4:44:03 PM com.lopez.App main
INFO: File handler and console handler set up successfully
Apr 20, 2025 4:44:05 PM com.lopez.App main
INFO: User selected option: D
Apr 20, 2025 4:44:05 PM com.lopez.App main
INFO: Displaying ToDo list
Apr 20, 2025 4:44:05 PM com.lopez.App main
INFO: Closing input scanner
Apr 20, 2025 4:44:05 PM com.lopez.App main
INFO: File handler and console handler set up successfully
Apr 20, 2025 4:44:07 PM com.lopez.App main
INFO: User selected option: Q
Apr 20, 2025 4:44:07 PM com.lopez.App main
INFO: User requested to quit the application
Apr 20, 2025 4:44:07 PM com.lopez.App main
INFO: Closing input scanner
Apr 20, 2025 4:44:07 PM com.lopez.App main
INFO: Application shutting down
Apr 20, 2025 4:48:50 PM com.lopez.App main
INFO: File handler and console handler set up successfully
Apr 20, 2025 4:48:54 PM com.lopez.App main
INFO: User selected option: A
Apr 20, 2025 4:49:05 PM com.lopez.App main
INFO: Adding new chore: Working on logging information 
Apr 20, 2025 4:49:05 PM com.lopez.App main
FINE: Chore added successfully
Apr 20, 2025 4:49:05 PM com.lopez.App main
INFO: Closing input scanner
Apr 20, 2025 4:49:27 PM com.lopez.App main
INFO: User selected option: C
Apr 20, 2025 4:49:27 PM com.lopez.App main
WARNING: Invalid menu choice entered: C
Apr 20, 2025 4:49:36 PM com.lopez.App main
INFO: File handler and console handler set up successfully
Apr 20, 2025 4:49:38 PM com.lopez.App main
INFO: User selected option: A
Apr 20, 2025 4:49:43 PM com.lopez.App main
INFO: Adding new chore: a
Apr 20, 2025 4:49:43 PM com.lopez.App main
FINE: Chore added successfully
Apr 20, 2025 4:49:43 PM com.lopez.App main
INFO: Closing input scanner
Apr 20, 2025 4:49:47 PM com.lopez.App main
INFO: User selected option: A
Apr 20, 2025 4:49:54 PM com.lopez.App main
INFO: Adding new chore: What?/
Apr 20, 2025 4:49:54 PM com.lopez.App main
FINE: Chore added successfully
Apr 20, 2025 4:49:54 PM com.lopez.App main
INFO: Closing input scanner
Apr 20, 2025 4:49:55 PM com.lopez.App main
INFO: User selected option: D
Apr 20, 2025 4:49:55 PM com.lopez.App main
INFO: Displaying ToDo list
Apr 20, 2025 4:49:55 PM com.lopez.App main
INFO: Closing input scanner
Apr 20, 2025 4:49:58 PM com.lopez.App main
INFO: User selected option: A
Apr 20, 2025 4:50:07 PM com.lopez.App main
INFO: Adding new chore: Lost myself for a second
Apr 20, 2025 4:50:07 PM com.lopez.App main
FINE: Chore added successfully
Apr 20, 2025 4:50:07 PM com.lopez.App main
INFO: Closing input scanner
Apr 20, 2025 4:50:09 PM com.lopez.App main
WARNING: User provided empty input
Apr 20, 2025 4:50:13 PM com.lopez.App main
INFO: User selected option: R
Apr 20, 2025 4:50:17 PM com.lopez.App main
INFO: Removing chore at index: 8
Apr 20, 2025 4:50:17 PM com.lopez.App main
FINE: Chore removed successfully
Apr 20, 2025 4:50:17 PM com.lopez.App main
INFO: Closing input scanner
Apr 20, 2025 4:50:18 PM com.lopez.App main
INFO: User selected option: D
Apr 20, 2025 4:50:18 PM com.lopez.App main
INFO: Displaying ToDo list
Apr 20, 2025 4:50:18 PM com.lopez.App main
INFO: Closing input scanner
Apr 20, 2025 4:50:21 PM com.lopez.App main
INFO: User selected option: 1
Apr 20, 2025 4:50:21 PM com.lopez.App main
WARNING: Invalid menu choice entered: 1
Apr 20, 2025 4:50:23 PM com.lopez.App main
INFO: Closing input scanner
Apr 20, 2025 4:50:25 PM com.lopez.App main
INFO: User selected option: Q
Apr 20, 2025 4:50:25 PM com.lopez.App main
INFO: User requested to quit the application
Apr 20, 2025 4:50:25 PM com.lopez.App main
INFO: Closing input scanner
Apr 20, 2025 4:50:25 PM com.lopez.App main
INFO: Application shutting down
Apr 20, 2025 5:07:57 PM com.lopez.App main
INFO: File handler and console handler set up successfully
Apr 20, 2025 5:07:57 PM com.lopez.App main
INFO: ToDo Application started
Apr 20, 2025 5:08:01 PM com.lopez.App main
INFO: User selected option: A
Apr 20, 2025 5:08:13 PM com.lopez.App main
INFO: Adding new chore: Download DataDog
Apr 20, 2025 5:08:13 PM com.lopez.App main
FINE: Chore added successfully
Apr 20, 2025 5:08:13 PM com.lopez.App main
INFO: Closing input scanner
Apr 20, 2025 5:08:16 PM com.lopez.App main
INFO: User selected option: D
Apr 20, 2025 5:08:16 PM com.lopez.App main
INFO: Displaying ToDo list
Apr 20, 2025 5:08:16 PM com.lopez.App main
INFO: Closing input scanner
Apr 20, 2025 5:08:27 PM com.lopez.App main
INFO: User selected option: R
Apr 20, 2025 5:08:43 PM com.lopez.App main
INFO: File handler and console handler set up successfully
Apr 20, 2025 5:08:43 PM com.lopez.App main
INFO: ToDo Application started
Apr 20, 2025 5:08:45 PM com.lopez.App main
INFO: User selected option: A
Apr 20, 2025 5:08:50 PM com.lopez.App main
INFO: Adding new chore: Rock the cazbar
Apr 20, 2025 5:08:50 PM com.lopez.App main
FINE: Chore added successfully
Apr 20, 2025 5:08:50 PM com.lopez.App main
INFO: Closing input scanner
Apr 20, 2025 5:08:52 PM com.lopez.App main
INFO: User selected option: A
Apr 20, 2025 5:08:55 PM com.lopez.App main
INFO: Adding new chore: Walk the dog
Apr 20, 2025 5:08:55 PM com.lopez.App main
FINE: Chore added successfully
Apr 20, 2025 5:08:55 PM com.lopez.App main
INFO: Closing input scanner
Apr 20, 2025 5:08:58 PM com.lopez.App main
INFO: User selected option: D
Apr 20, 2025 5:08:58 PM com.lopez.App main
INFO: Displaying ToDo list
Apr 20, 2025 5:08:58 PM com.lopez.App main
INFO: Closing input scanner
Apr 20, 2025 5:09:02 PM com.lopez.App main
INFO: User selected option: A
Apr 20, 2025 5:09:11 PM com.lopez.App main
INFO: Adding new chore: Download DataDog
Apr 20, 2025 5:09:11 PM com.lopez.App main
FINE: Chore added successfully
Apr 20, 2025 5:09:11 PM com.lopez.App main
INFO: Closing input scanner
Apr 20, 2025 5:09:15 PM com.lopez.App main
INFO: User selected option: R
Apr 20, 2025 5:09:20 PM com.lopez.App main
INFO: Removing chore at index: 23
Apr 20, 2025 5:19:42 PM com.lopez.App main
INFO: File handler and console handler set up successfully
Apr 20, 2025 5:19:42 PM com.lopez.App main
INFO: ToDo Application started
Apr 20, 2025 5:19:44 PM com.lopez.App main
INFO: User selected option: A
Apr 20, 2025 5:19:52 PM com.lopez.App main
INFO: Adding new chore: testing new logging 
Apr 20, 2025 5:19:52 PM com.lopez.App main
FINE: Chore added successfully
Apr 20, 2025 5:19:54 PM com.lopez.App main
INFO: User selected option: A
Apr 20, 2025 5:20:01 PM com.lopez.App main
INFO: Adding new chore: Still working going on 8 hours
Apr 20, 2025 5:20:01 PM com.lopez.App main
FINE: Chore added successfully
Apr 20, 2025 5:20:03 PM com.lopez.App main
INFO: User selected option: R
Apr 20, 2025 5:21:04 PM com.lopez.App main
INFO: File handler and console handler set up successfully
Apr 20, 2025 5:21:04 PM com.lopez.App main
INFO: ToDo Application started
Apr 20, 2025 5:21:07 PM com.lopez.App main
INFO: User selected option: A
Apr 20, 2025 5:21:11 PM com.lopez.App main
INFO: Adding new chore: open the door
Apr 20, 2025 5:21:11 PM com.lopez.App main
FINE: Chore added successfully
Apr 20, 2025 5:21:12 PM com.lopez.App main
INFO: User selected option: R
Apr 20, 2025 5:24:35 PM com.lopez.App main
INFO: File handler and console handler set up successfully
Apr 20, 2025 5:24:35 PM com.lopez.App main
INFO: ToDo Application started
Apr 20, 2025 5:24:38 PM com.lopez.App main
INFO: User selected option: A
Apr 20, 2025 5:24:44 PM com.lopez.App main
INFO: Adding new chore: pop the balloon
Apr 20, 2025 5:24:44 PM com.lopez.App main
FINE: Chore added successfully
Apr 20, 2025 5:24:49 PM com.lopez.App main
INFO: User selected option: R
Apr 20, 2025 5:26:15 PM com.lopez.App main
INFO: File handler and console handler set up successfully
Apr 20, 2025 5:26:15 PM com.lopez.App main
INFO: ToDo Application started
Apr 20, 2025 5:26:17 PM com.lopez.App main
INFO: User selected option: R
Apr 20, 2025 5:29:31 PM com.lopez.App main
INFO: File handler and console handler set up successfully
Apr 20, 2025 5:29:31 PM com.lopez.App main
INFO: ToDo Application started
Apr 20, 2025 5:29:33 PM com.lopez.App main
INFO: User selected option: A
Apr 20, 2025 5:29:46 PM com.lopez.App main
INFO: Adding new chore: Testing the remove function for a letter instead of a number
Apr 20, 2025 5:29:46 PM com.lopez.App main
FINE: Chore added successfully
Apr 20, 2025 5:29:47 PM com.lopez.App main
INFO: User selected option: R
Apr 20, 2025 8:01:45 PM com.lopez.App main
INFO: File handler and console handler set up successfully
Apr 20, 2025 8:01:45 PM com.lopez.App main
INFO: ToDo Application started
Apr 20, 2025 8:11:56 PM com.lopez.App main
INFO: File handler and console handler set up successfully
Apr 20, 2025 8:11:56 PM com.lopez.App main
INFO: ToDo Application started
Apr 20, 2025 8:12:10 PM com.lopez.App main
WARNING: User provided empty input
Apr 20, 2025 8:12:13 PM com.lopez.App main
INFO: User selected option: A
Apr 20, 2025 8:12:20 PM com.lopez.App main
INFO: Adding new chore: Walk to the bank
Apr 20, 2025 8:12:20 PM com.lopez.App main
FINE: Chore added successfully
Apr 20, 2025 8:12:51 PM com.lopez.App main
INFO: User selected option: A
Apr 20, 2025 8:12:59 PM com.lopez.App main
INFO: Adding new chore: water plants
Apr 20, 2025 8:12:59 PM com.lopez.App main
FINE: Chore added successfully
Apr 20, 2025 8:13:04 PM com.lopez.App main
INFO: User selected option: D
Apr 20, 2025 8:13:04 PM com.lopez.App main
INFO: Displaying ToDo list
Apr 20, 2025 8:13:06 PM com.lopez.App main
INFO: User selected option: D
Apr 20, 2025 8:13:06 PM com.lopez.App main
INFO: Displaying ToDo list
Apr 20, 2025 8:13:41 PM com.lopez.App main
INFO: User selected option: A
Apr 20, 2025 8:13:50 PM com.lopez.App main
INFO: Adding new chore: Pour some juice
Apr 20, 2025 8:13:50 PM com.lopez.App main
FINE: Chore added successfully
